ParseStarterProject/build/outputs/mapping/release/seeds.txt
com.yaronfuks.uberclone.RiderActivity: void logout(android.view.View)
com.yaronfuks.uberclone.RiderActivity: void callUber(android.view.View)
com.yaronfuks.uberclone.MainActivity
com.yaronfuks.uberclone.RiderActivity: RiderActivity()
com.yaronfuks.uberclone.MainActivity: MainActivity()
com.yaronfuks.uberclone.StarterApplication
com.yaronfuks.uberclone.DriverLocationActivity
com.yaronfuks.uberclone.MainActivity: void getStarted(android.view.View)
com.yaronfuks.uberclone.StarterApplication: StarterApplication()
com.yaronfuks.uberclone.ViewRequestActivity: ViewRequestActivity()
com.yaronfuks.uberclone.ViewRequestActivity
com.yaronfuks.uberclone.RiderActivity
com.yaronfuks.uberclone.DriverLocationActivity: DriverLocationActivity()
com.yaronfuks.uberclone.DriverLocationActivity: void acceptRequest(android.view.View)
com.yaronfuks.uberclone.MainActivity: void driverChosen(android.view.View)
com.yaronfuks.uberclone.MainActivity: void riderChosen(android.view.View)
...
com.google.android.gms.R$drawable: int cast_ic_notification_forward10
android.support.v7.appcompat.R$drawable: int abc_ic_go_search_api_material
android.support.v7.appcompat.R$style: int Widget_AppCompat_CompoundButton_Switch
com.google.android.gms.dynamite.descriptors.com.google.android.gms.ads.dynamite.ModuleDescriptor: ModuleDescriptor()
android.support.v7.mediarouter.R$drawable: int ic_group_expand_04
android.support.v7.widget.AppCompatTextView: android.graphics.PorterDuff$Mode getSupportBackgroundTintMode()
android.support.v7.appcompat.R$style: int Widget_AppCompat_CompoundButton_RadioButton
android.support.v7.widget.AppCompatButton
android.support.v7.appcompat.R$attr: int actionBarPopupTheme
com.google.ads.mediation.customevent.CustomEventAdapter
com.google.android.gms.R$id: int html
android.support.v7.mediarouter.R$string: int abc_action_bar_home_description
com.google.android.gms.cast.framework.internal.featurehighlight.OuterHighlightDrawable: void setTranslationY(float)
android.support.constraint.R$styleable: int ConstraintSet_android_layout_marginStart
android.support.v7.appcompat.R$id: int async
android.support.v7.appcompat.R$style: int Animation_AppCompat_Tooltip
com.google.android.gms.R$id: int background_image_view
android.support.v7.widget.DialogTitle
android.support.graphics.drawable.VectorDrawableCompat$VPathRenderer: int getRootAlpha()
android.support.v7.mediarouter.R$drawable: int ic_mr_button_connecting_16_light
android.support.v7.appcompat.R$styleable: int MenuItem_android_id
android.support.v7.widget.ActionBarOverlayLayout: void setLogo(int)
com.google.android.gms.R$drawable: int quantum_ic_volume_up_grey600_36
android.support.v7.mediarouter.R$drawable: int ic_mr_button_connected_11_dark
android.support.v7.appcompat.R$attr: int alertDialogTheme
android.support.v7.appcompat.R$style: int Base_V22_Theme_AppCompat_Light
com.google.android.gms.R$styleable: int WalletFragmentOptions_appTheme
android.support.v7.appcompat.R$attr: int popupTheme
android.support.v7.appcompat.R$style: int Base_TextAppearance_AppCompat
android.support.v7.appcompat.R$style: int TextAppearance_AppCompat_Display3
android.support.v7.appcompat.R$color: int material_blue_grey_800
android.support.v7.appcompat.R$string: int abc_font_family_headline_material
android.support.constraint.ConstraintLayout: void setOptimizationLevel(int)
android.support.v7.appcompat.R$styleable: int AppCompatTheme_toolbarNavigationButtonStyle
android.support.v7.widget.ContentFrameLayout: android.util.TypedValue getFixedHeightMajor()
android.support.constraint.ConstraintLayout: void setMinWidth(int)
android.support.v7.appcompat.R$styleable: int AppCompatTextView_textAllCaps
android.support.v7.appcompat.R$styleable: int AlertDialog_buttonPanelSideLayout
android.support.v7.appcompat.R$styleable: int FontFamilyFont_font
android.support.v7.appcompat.R$style: int Base_ThemeOverlay_AppCompat_Dialog_Alert
android.support.v7.appcompat.R$id: int search_bar
android.support.v7.appcompat.R$styleable: int DrawerArrowToggle_arrowHeadLength
android.support.v7.widget.AppCompatSpinner: void setDropDownHorizontalOffset(int)
android.support.v7.appcompat.R$styleable: int AppCompatSeekBar_tickMark
com.google.android.gms.ads.internal.ClientApi: com.google.android.gms.internal.zzlt createSearchAdManager(com.google.android.gms.dynamic.IObjectWrapper,com.google.android.gms.internal.zzko,java.lang.String,int)
android.support.v7.appcompat.R$drawable: int abc_list_selector_holo_dark
android.support.v7.appcompat.R$style: int TextAppearance_AppCompat_Widget_PopupMenu_Header
com.google.android.gms.tagmanager.TagManagerApiImpl: TagManagerApiImpl()
com.google.android.gms.cast.framework.internal.featurehighlight.InnerZoneDrawable: void setPulseScale(float)
android.support.v7.appcompat.R$styleable: int Spinner_popupTheme
com.google.android.gms.R$id: int cast_button_type_mute_toggle
android.support.constraint.R$styleable: int ConstraintLayout_Layout_android_orientation