ParseStarterProject/build/outputs/mapping/release/mapping.txt
# compiler: R8
# compiler_version: 1.6.82
# min_api: 14
# pg_map_id: 6f1feca
# common_typos_disable
com.yaronfuks.uberclone.DriverLocationActivity -> com.yaronfuks.uberclone.DriverLocationActivity:
    android.content.Intent intent -> r
    com.google.android.gms.maps.GoogleMap mMap -> q
    1:1:void <init>():31:31 -> <init>
    1:1:com.google.android.gms.maps.GoogleMap access$000(com.yaronfuks.uberclone.DriverLocationActivity):31:31 -> a
    2:2:void onMapReady(com.google.android.gms.maps.GoogleMap):110:110 -> a
    3:3:void onMapReady(com.google.android.gms.maps.GoogleMap):112:112 -> a
    1:2:void acceptRequest(android.view.View):38:39 -> acceptRequest
    3:3:void acceptRequest(android.view.View):41:41 -> acceptRequest
    1:2:void onCreate(android.os.Bundle):77:78 -> onCreate
    3:5:void onCreate(android.os.Bundle):83:85 -> onCreate
    6:6:void onCreate(android.os.Bundle):88:88 -> onCreate
com.yaronfuks.uberclone.DriverLocationActivity$1 -> com.yaronfuks.uberclone.DriverLocationActivity$a:
    com.yaronfuks.uberclone.DriverLocationActivity this$0 -> a
    1:1:void <init>(com.yaronfuks.uberclone.DriverLocationActivity):41:41 -> <init>
    1:1:void done(java.util.List,com.parse.ParseException):47:47 -> a
    2:2:void done(java.util.List,com.parse.ParseException):49:49 -> a
    3:3:void done(java.util.List,com.parse.ParseException):51:51 -> a
    4:4:void done(java.util.List,com.parse.ParseException):53:53 -> a
    1:1:void done(java.lang.Object,java.lang.Throwable):41:41 -> done
com.yaronfuks.uberclone.DriverLocationActivity$1$1 -> com.yaronfuks.uberclone.DriverLocationActivity$a$a:
    com.yaronfuks.uberclone.DriverLocationActivity$1 this$1 -> a
    1:1:void <init>(com.yaronfuks.uberclone.DriverLocationActivity$1):53:53 -> <init>
    1:4:void done(com.parse.ParseException):58:61 -> a
    5:5:void done(com.parse.ParseException):59:59 -> a
    6:6:void done(com.parse.ParseException):63:63 -> a
    1:1:void done(java.lang.Throwable):53:53 -> done
com.yaronfuks.uberclone.DriverLocationActivity$2 -> com.yaronfuks.uberclone.DriverLocationActivity$b:
    com.yaronfuks.uberclone.DriverLocationActivity this$0 -> a
    1:1:void <init>(com.yaronfuks.uberclone.DriverLocationActivity):112:112 -> <init>
    1:1:void onMapLoaded():116:116 -> a0
    2:2:void onMapLoaded():118:118 -> a0
    3:3:void onMapLoaded():120:120 -> a0
    4:4:void onMapLoaded():122:122 -> a0
    5:6:void onMapLoaded():124:125 -> a0
    7:9:void onMapLoaded():127:129 -> a0
    10:10:void onMapLoaded():133:133 -> a0
    11:11:void onMapLoaded():137:137 -> a0
    12:12:void onMapLoaded():139:139 -> a0
com.yaronfuks.uberclone.MainActivity -> com.yaronfuks.uberclone.MainActivity:
    java.lang.String riderOrDriverString -> t
    1:1:void <init>():28:28 -> <init>
    2:2:void <init>():30:30 -> <init>
    1:2:void driverChosen(android.view.View):56:57 -> driverChosen
    1:1:void getStarted(android.view.View):61:61 -> getStarted
    2:2:void getStarted(android.view.View):70:70 -> getStarted
    3:3:void getStarted(android.view.View):72:72 -> getStarted
    4:4:void getStarted(android.view.View):82:82 -> getStarted
    1:1:void redirectActivity():36:36 -> n
    2:3:void redirectActivity():38:39 -> n
    4:5:void redirectActivity():43:44 -> n
    1:2:void onCreate(android.os.Bundle):89:90 -> onCreate
    3:3:void onCreate(android.os.Bundle):94:94 -> onCreate
    4:4:void onCreate(android.os.Bundle):96:96 -> onCreate
    5:5:void onCreate(android.os.Bundle):98:98 -> onCreate
    6:6:void onCreate(android.os.Bundle):114:114 -> onCreate
    7:7:void onCreate(android.os.Bundle):123:123 -> onCreate
    1:2:void riderChosen(android.view.View):51:52 -> riderChosen
com.yaronfuks.uberclone.MainActivity$1 -> com.yaronfuks.uberclone.MainActivity$a:
    com.yaronfuks.uberclone.MainActivity this$0 -> a
    1:1:void <init>(com.yaronfuks.uberclone.MainActivity):72:72 -> <init>
    1:1:void done(com.parse.ParseException):76:76 -> a
    1:1:void done(java.lang.Throwable):72:72 -> done
...
com.google.android.gms.internal.zztq -> com.google.android.gms.internal.o41:
    void zzb(com.google.android.gms.internal.zzul) -> a
com.google.android.gms.internal.zztr -> com.google.android.gms.internal.p41:
    void zzb(com.google.android.gms.internal.zzul) -> a
com.google.android.gms.internal.zzts -> com.google.android.gms.internal.q41:
    void zzb(com.google.android.gms.internal.zzul) -> a
com.google.android.gms.internal.zztt -> com.google.android.gms.internal.r41:
    void zzb(com.google.android.gms.internal.zzul) -> a
com.google.android.gms.internal.zztu -> com.google.android.gms.internal.s41:
    com.google.android.gms.internal.zztl zzcdm -> b
    void onAppEvent(java.lang.String,java.lang.String) -> a
com.google.android.gms.internal.zztv -> com.google.android.gms.internal.t41:
    java.lang.String val$name -> a
    java.lang.String zzcdo -> b
    void zzb(com.google.android.gms.internal.zzul) -> a
com.google.android.gms.internal.zztw -> com.google.android.gms.internal.u41:
    com.google.android.gms.internal.zztl zzcdm -> b
    void zza(com.google.android.gms.internal.zzoy) -> a
com.google.android.gms.internal.zztx -> com.google.android.gms.internal.v41:
    com.google.android.gms.internal.zzoy zzcdp -> a
    void zzb(com.google.android.gms.internal.zzul) -> a
com.google.android.gms.internal.zzty -> com.google.android.gms.internal.w41:
    com.google.android.gms.internal.zztl zzcdm -> b
    void onAdClicked() -> j
com.google.android.gms.internal.zztz -> com.google.android.gms.internal.x41:
    void zzb(com.google.android.gms.internal.zzul) -> a
com.google.android.gms.internal.zzu -> com.google.android.gms.internal.y41:
    com.google.android.gms.internal.zzu zzax -> d
    com.google.android.gms.internal.zzu zzaw -> c
    com.google.android.gms.internal.zzu zzav -> b
    com.google.android.gms.internal.zzu[] zzaz -> f
    com.google.android.gms.internal.zzu zzay -> e
com.google.android.gms.internal.zzua -> com.google.android.gms.internal.z41:
    com.google.android.gms.internal.zztl zzcdm -> b
    void onRewardedVideoCompleted() -> B
    void onRewardedVideoAdClosed() -> E
    void onRewardedVideoAdLeftApplication() -> F
    void onRewardedVideoAdOpened() -> G
    void zza(com.google.android.gms.internal.zzaeu) -> a
    void onRewardedVideoAdFailedToLoad(int) -> b
    void onRewardedVideoAdLoaded() -> h0
    void onRewardedVideoStarted() -> z
com.google.android.gms.internal.zzub -> com.google.android.gms.internal.a51:
    void zzb(com.google.android.gms.internal.zzul) -> a
com.google.android.gms.internal.zzuc -> com.google.android.gms.internal.b51:
    void zzb(com.google.android.gms.internal.zzul) -> a
com.google.android.gms.internal.zzud -> com.google.android.gms.internal.c51:
    void zzb(com.google.android.gms.internal.zzul) -> a
com.google.android.gms.internal.zzue -> com.google.android.gms.internal.d51:
    void zzb(com.google.android.gms.internal.zzul) -> a
com.google.android.gms.internal.zzuf -> com.google.android.gms.internal.e51:
    com.google.android.gms.internal.zzaeu zzcdq -> a
    void zzb(com.google.android.gms.internal.zzul) -> a
com.google.android.gms.internal.zzug -> com.google.android.gms.internal.f51:
    void zzb(com.google.android.gms.internal.zzul) -> a
com.google.android.gms.internal.zzuh -> com.google.android.gms.internal.g51:
    int zzcdn -> a
    void zzb(com.google.android.gms.internal.zzul) -> a
com.google.android.gms.internal.zzui -> com.google.android.gms.internal.h51:
    void zzb(com.google.android.gms.internal.zzul) -> a
com.google.android.gms.internal.zzuj -> com.google.android.gms.internal.i51:
    com.google.android.gms.internal.zzuk zzcdr -> b
    com.google.android.gms.internal.zzul zzcds -> c
com.google.android.gms.internal.zzuk -> com.google.android.gms.internal.j51:
    void zzb(com.google.android.gms.internal.zzul) -> a