ParseStarterProject/build/outputs/mapping/release/usage.txt
com.parse.starter.BuildConfig
com.parse.starter.R$attr
com.yaronfuks.uberclone.MainActivity:
    private android.widget.ImageButton riderButton
    private android.widget.ImageButton driverButton
com.parse.starter.R$color
com.parse.starter.R$interpolator
com.parse.starter.R$mipmap
com.parse.starter.R$array
com.parse.starter.R$bool
com.parse.starter.R$integer
com.parse.starter.R
com.parse.starter.R$string
com.parse.starter.R$id
com.parse.starter.R$drawable
com.parse.starter.R$style
com.parse.starter.R$anim
com.parse.starter.R$dimen
com.parse.starter.R$layout
com.parse.starter.R$styleable
com.yaronfuks.uberclone.RiderActivity$1$1$1:
    final synthetic com.yaronfuks.uberclone.RiderActivity$1$1 this$2
...
android.support.annotation.MenuRes
com.google.android.gms.cast.CastRemoteDisplayLocalService$NotificationSettings$Builder
com.google.android.gms.internal.zzbzc
com.google.android.gms.ads.mediation.admob.AdMobExtras
com.google.android.gms.games.zzcc
android.support.v7.view.SupportMenuInflater:
    static final java.lang.String LOG_TAG
    private static final java.lang.String XML_MENU
    private static final java.lang.String XML_GROUP
    private static final java.lang.String XML_ITEM
    static final int NO_ID
com.google.android.gms.internal.zzcqc
com.google.android.gms.internal.zzbcq
com.google.firebase.appindexing.Action$Metadata$Builder
android.support.v4.media.MediaBrowserServiceCompat$BrowserRoot
com.google.android.gms.games.internal.api.zzbh
com.google.android.gms.internal.zzbyq
com.google.android.gms.internal.zzekw
com.parse.ParseObject$24
com.google.android.gms.common.GooglePlayServicesRepairableException:
    public void <init>(int,java.lang.String,android.content.Intent)
    public int getConnectionStatusCode()
    private final int zzehy
com.google.android.gms.internal.zzcqt
com.google.android.gms.common.api.Response
android.support.v4.view.ViewCompat$ViewCompatApi18Impl:
    public void setClipBounds(android.view.View,android.graphics.Rect)
    public android.graphics.Rect getClipBounds(android.view.View)
    public boolean isInLayout(android.view.View)
com.google.android.gms.wearable.internal.zzcq
android.support.v7.view.menu.MenuWrapperFactory:
    private void <init>()
android.support.graphics.drawable.R$styleable
com.google.android.gms.games.internal.GamesDowngradeableSafeParcel
com.google.android.gms.games.internal.zzx
com.google.android.gms.internal.zzbnq
com.google.android.gms.internal.zzcfc
com.google.android.gms.auth.api.signin.GoogleSignInOptions:
    public com.google.android.gms.common.api.Scope[] getScopeArray()
    public final android.accounts.Account getAccount()
    public final boolean isIdTokenRequested()
    public final boolean zzacj()
    public final java.lang.String getServerClientId()
android.support.v7.widget.ActivityChooserModel$ActivityResolveInfo
com.google.android.gms.internal.zzdlq
com.google.android.gms.cast.zzao
com.google.android.gms.drive.query.internal.zzc
com.google.android.gms.fitness.BleApi
com.google.android.gms.maps.model.zzo
com.google.android.gms.maps.model.GroundOverlay
com.google.android.gms.tagmanager.zzda
com.google.android.gms.internal.zzav:
    protected synthetic void zza(java.lang.Object)
android.support.v4.util.Pools$SimplePool
com.google.android.gms.location.zze
com.google.android.gms.nearby.messages.internal.zzaa
com.google.android.gms.internal.zzedc
com.google.android.gms.internal.zzffc
com.google.android.gms.common.api.internal.zzbi:
    public final com.google.android.gms.common.api.internal.zzm zzd(com.google.android.gms.common.api.internal.zzm)
    public final com.google.android.gms.common.ConnectionResult blockingConnect(long,java.util.concurrent.TimeUnit)
    public final com.google.android.gms.common.ConnectionResult getConnectionResult(com.google.android.gms.common.api.Api)
com.google.android.gms.safetynet.VerifyAppsConstants
com.google.android.gms.internal.zzcuq
com.google.android.gms.wallet.wobs.zzi
com.google.android.gms.fido.fido2.api.common.UserVerificationRequirement
com.google.android.gms.tagmanager.zzdr
com.google.android.gms.internal.zzeot
android.support.v7.app.MediaRouteControllerDialog$MediaControllerCallback
com.google.android.gms.internal.zzbrn
com.google.android.gms.location.LocationStatusCodes
com.google.android.gms.drive.query.internal.zzt
com.google.android.gms.fitness.result.DataTypeResult
com.google.android.gms.internal.zzfgf
com.google.android.gms.internal.zzctn
com.google.android.gms.auth.api.accounttransfer.zzo